[debug] [2025-07-09T08:18:56.796Z] ----------------------------------------------------------------------
[debug] [2025-07-09T08:18:56.801Z] Command:       C:\Program Files\nodejs\node.exe C:\Users\user\AppData\Roaming\npm\node_modules\firebase-tools\lib\bin\firebase.js init
[debug] [2025-07-09T08:18:56.802Z] CLI Version:   14.9.0
[debug] [2025-07-09T08:18:56.802Z] Platform:      win32
[debug] [2025-07-09T08:18:56.802Z] Node Version:  v22.17.0
[debug] [2025-07-09T08:18:56.803Z] Time:          Wed Jul 09 2025 11:18:56 GMT+0300 (East Africa Time)
[debug] [2025-07-09T08:18:56.803Z] ----------------------------------------------------------------------
[debug] 
[debug] [2025-07-09T08:18:56.821Z] > command requires scopes: ["email","openid","https://www.googleapis.com/auth/cloudplatformprojects.readonly","https://www.googleapis.com/auth/firebase","https://www.googleapis.com/auth/cloud-platform"]
[debug] [2025-07-09T08:18:56.822Z] > authorizing via signed-in user (wearejeanettics@gmail.com)
[info] 
     ######## #### ########  ######## ########     ###     ######  ########
     ##        ##  ##     ## ##       ##     ##  ##   ##  ##       ##
     ######    ##  ########  ######   ########  #########  ######  ######
     ##        ##  ##    ##  ##       ##     ## ##     ##       ## ##
     ##       #### ##     ## ######## ########  ##     ##  ######  ########

You're about to initialize a Firebase project in this directory:

  C:\Users\user\Desktop\Jetics

[info] 
=== Project Setup
[info] 
[info] First, let's associate this project directory with a Firebase project.
[info] You can create multiple project aliases by running firebase use --add, 
[info] but for now we'll just set up a default project.
[info] 
[debug] [2025-07-09T08:19:56.204Z] Checked if tokens are valid: false, expires at: 1752049787627
[debug] [2025-07-09T08:19:56.204Z] Checked if tokens are valid: false, expires at: 1752049787627
[debug] [2025-07-09T08:19:56.205Z] > refreshing access token with scopes: []
[debug] [2025-07-09T08:19:56.208Z] >>> [apiv2][query] POST https://www.googleapis.com/oauth2/v3/token [none]
[debug] [2025-07-09T08:19:56.208Z] >>> [apiv2][body] POST https://www.googleapis.com/oauth2/v3/token [omitted]
[debug] [2025-07-09T08:19:56.661Z] <<< [apiv2][status] POST https://www.googleapis.com/oauth2/v3/token 200
[debug] [2025-07-09T08:19:56.661Z] <<< [apiv2][body] POST https://www.googleapis.com/oauth2/v3/token [omitted]
[debug] [2025-07-09T08:19:56.680Z] >>> [apiv2][query] GET https://firebase.googleapis.com/v1beta1/projects pageSize=100
[debug] [2025-07-09T08:19:57.334Z] <<< [apiv2][status] GET https://firebase.googleapis.com/v1beta1/projects 200
[debug] [2025-07-09T08:19:57.334Z] <<< [apiv2][body] GET https://firebase.googleapis.com/v1beta1/projects [omitted]
[info] i  Using project jeanettics-f3244 (Jeanettics) 
[info] 
=== Dataconnect Setup
[debug] [2025-07-09T08:19:59.658Z] Checked if tokens are valid: true, expires at: 1752052795662
[debug] [2025-07-09T08:19:59.658Z] Checked if tokens are valid: true, expires at: 1752052795662
[debug] [2025-07-09T08:19:59.659Z] >>> [apiv2][query] GET https://cloudbilling.googleapis.com/v1/projects/jeanettics-f3244/billingInfo [none]
[debug] [2025-07-09T08:20:00.427Z] <<< [apiv2][status] GET https://cloudbilling.googleapis.com/v1/projects/jeanettics-f3244/billingInfo 200
[debug] [2025-07-09T08:20:00.428Z] <<< [apiv2][body] GET https://cloudbilling.googleapis.com/v1/projects/jeanettics-f3244/billingInfo {"name":"projects/jeanettics-f3244/billingInfo","projectId":"jeanettics-f3244","billingAccountName":"","billingEnabled":false}
[info] i  dataconnect: ensuring required API sqladmin.googleapis.com is enabled... 
[debug] [2025-07-09T08:20:00.430Z] Checked if tokens are valid: true, expires at: 1752052795662
[debug] [2025-07-09T08:20:00.430Z] Checked if tokens are valid: true, expires at: 1752052795662
[debug] [2025-07-09T08:20:00.430Z] >>> [apiv2][query] GET https://firebasedataconnect.googleapis.com/v1/projects/jeanettics-f3244/locations/-/services [none]
[debug] [2025-07-09T08:20:02.270Z] <<< [apiv2][status] GET https://firebasedataconnect.googleapis.com/v1/projects/jeanettics-f3244/locations/-/services 200
[debug] [2025-07-09T08:20:02.270Z] <<< [apiv2][body] GET https://firebasedataconnect.googleapis.com/v1/projects/jeanettics-f3244/locations/-/services {}
[info] i  dataconnect\dataconnect.yaml is unchanged 
[info] i  dataconnect\schema\schema.gql is unchanged 
[info] +  Wrote dataconnect\connector\connector.yaml 
[info] i  dataconnect\connector\queries.gql is unchanged 
[info] i  dataconnect\connector\mutations.gql is unchanged 
[info] +  Detected WEB app in directory C:\Users\user\Desktop\Jetics 
[info] i  Writing your new SDK configuration to C:\Users\user\Desktop\Jetics\dataconnect\connector/connector.yaml 
[info] +  Wrote dataconnect\connector\connector.yaml 
[debug] [2025-07-09T08:20:44.270Z] defaultcredentials: writing to file C:\Users\user\AppData\Roaming\firebase\wearejeanettics_gmail_com_application_default_credentials.json
[info] I0709 11:20:45.873939   22992 codegen.go:82] [connector "default" javascriptSdk] Generating sources into "C:\\Users\\user\\Desktop\\Jetics\\dataconnect-generated\\js\\default-connector"
I0709 11:20:45.960568   22992 generate.go:40] Generated all sources. Writing them to disk...
I0709 11:20:45.975059   22992 collector.go:107] connector "default" javascriptSdk wrote into "C:\\Users\\user\\Desktop\\Jetics\\dataconnect-generated\\js\\default-connector"
Generated sources: index.d.ts [246B] esm\index.esm.js [109B] esm\package.json [17B] index.cjs.js [144B] package.json [634B] README.md [2773B] 
I0709 11:20:45.991518   22992 installsdk.go:35] Unable to find package.json. Skipping automatic installation of @firebasegen/default-connector

[info] i  Generated SDK code for default 
[info] +  If you'd like to add more generated SDKs to your app your later, run firebase init dataconnect:sdk again 
[info] i  If you'd like to provision a CloudSQL Postgres instance on the Firebase Data Connect no-cost trial:
1. Please upgrade to the pay-as-you-go (Blaze) billing plan. Visit the following page:
     https://console.firebase.google.com/project/jeanettics-f3244/usage/details
2. Run firebase init dataconnect again to configure the Cloud SQL instance.
3. Run firebase deploy --only dataconnect to deploy your Data Connect service. 
[info] 
=== Firestore Setup
[info] i  firestore: ensuring required API firestore.googleapis.com is enabled... 
[debug] [2025-07-09T08:20:46.003Z] Checked if tokens are valid: true, expires at: 1752052795662
[debug] [2025-07-09T08:20:46.003Z] Checked if tokens are valid: true, expires at: 1752052795662
[debug] [2025-07-09T08:20:46.004Z] >>> [apiv2][query] GET https://firestore.googleapis.com/v1/projects/jeanettics-f3244/databases [none]
[debug] [2025-07-09T08:20:47.177Z] <<< [apiv2][status] GET https://firestore.googleapis.com/v1/projects/jeanettics-f3244/databases 200
[debug] [2025-07-09T08:20:47.178Z] <<< [apiv2][body] GET https://firestore.googleapis.com/v1/projects/jeanettics-f3244/databases {}
[debug] [2025-07-09T08:20:47.178Z] Checked if tokens are valid: true, expires at: 1752052795662
[debug] [2025-07-09T08:20:47.178Z] Checked if tokens are valid: true, expires at: 1752052795662
[debug] [2025-07-09T08:20:47.178Z] >>> [apiv2][query] GET https://firestore.googleapis.com/v1/projects/jeanettics-f3244/locations [none]
[debug] [2025-07-09T08:20:47.513Z] <<< [apiv2][status] GET https://firestore.googleapis.com/v1/projects/jeanettics-f3244/locations 200
[debug] [2025-07-09T08:20:47.513Z] <<< [apiv2][body] GET https://firestore.googleapis.com/v1/projects/jeanettics-f3244/locations {"locations":[{"name":"projects/jeanettics-f3244/locations/eur3","labels":{"appengine.googleapis.com/geo":"europe-west","cloud.googleapis.com/location":"eur3","cloud.googleapis.com/geo":"eur3"},"metadata":{"@type":"type.googleapis.com/google.firestore.admin.v1.LocationMetadata"},"locationId":"eur3","displayName":"Europe"},{"name":"projects/jeanettics-f3244/locations/nam5","labels":{"appengine.googleapis.com/geo":"us-central","cloud.googleapis.com/location":"nam5","cloud.googleapis.com/geo":"nam5"},"metadata":{"@type":"type.googleapis.com/google.firestore.admin.v1.LocationMetadata"},"locationId":"nam5","displayName":"United States"},{"name":"projects/jeanettics-f3244/locations/nam7","labels":{"cloud.googleapis.com/location":"nam7","cloud.googleapis.com/geo":"nam7"},"metadata":{"@type":"type.googleapis.com/google.firestore.admin.v1.LocationMetadata"},"locationId":"nam7","displayName":"United States"},{"name":"projects/jeanettics-f3244/locations/africa-south1","labels":{"cloud.googleapis.com/location":"africa-south1","cloud.googleapis.com/region":"africa-south1"},"metadata":{"@type":"type.googleapis.com/google.firestore.admin.v1.LocationMetadata"},"locationId":"africa-south1","displayName":"Johannesburg"},{"name":"projects/jeanettics-f3244/locations/asia-east1","labels":{"appengine.googleapis.com/region":"asia-east1","cloud.googleapis.com/location":"asia-east1","cloud.googleapis.com/region":"asia-east1"},"metadata":{"@type":"type.googleapis.com/google.firestore.admin.v1.LocationMetadata"},"locationId":"asia-east1","displayName":"Taiwan"},{"name":"projects/jeanettics-f3244/locations/asia-east2","labels":{"appengine.googleapis.com/region":"asia-east2","cloud.googleapis.com/location":"asia-east2","cloud.googleapis.com/region":"asia-east2"},"metadata":{"@type":"type.googleapis.com/google.firestore.admin.v1.LocationMetadata"},"locationId":"asia-east2","displayName":"Hong Kong"},{"name":"projects/jeanettics-f3244/locations/asia-northeast1","labels":{"appengine.googleapis.com/region":"asia-northeast1","cloud.googleapis.com/location":"asia-northeast1","cloud.googleapis.com/region":"asia-northeast1"},"metadata":{"@type":"type.googleapis.com/google.firestore.admin.v1.LocationMetadata"},"locationId":"asia-northeast1","displayName":"Tokyo"},{"name":"projects/jeanettics-f3244/locations/asia-northeast2","labels":{"appengine.googleapis.com/region":"asia-northeast2","cloud.googleapis.com/location":"asia-northeast2","cloud.googleapis.com/region":"asia-northeast2"},"metadata":{"@type":"type.googleapis.com/google.firestore.admin.v1.LocationMetadata"},"locationId":"asia-northeast2","displayName":"Osaka"},{"name":"projects/jeanettics-f3244/locations/asia-northeast3","labels":{"appengine.googleapis.com/region":"asia-northeast3","cloud.googleapis.com/location":"asia-northeast3","cloud.googleapis.com/region":"asia-northeast3"},"metadata":{"@type":"type.googleapis.com/google.firestore.admin.v1.LocationMetadata"},"locationId":"asia-northeast3","displayName":"Seoul"},{"name":"projects/jeanettics-f3244/locations/asia-south1","labels":{"appengine.googleapis.com/region":"asia-south1","cloud.googleapis.com/location":"asia-south1","cloud.googleapis.com/region":"asia-south1"},"metadata":{"@type":"type.googleapis.com/google.firestore.admin.v1.LocationMetadata"},"locationId":"asia-south1","displayName":"Mumbai"},{"name":"projects/jeanettics-f3244/locations/asia-south2","labels":{"cloud.googleapis.com/location":"asia-south2","cloud.googleapis.com/region":"asia-south2"},"metadata":{"@type":"type.googleapis.com/google.firestore.admin.v1.LocationMetadata"},"locationId":"asia-south2","displayName":"Delhi"},{"name":"projects/jeanettics-f3244/locations/asia-southeast1","labels":{"appengine.googleapis.com/region":"asia-southeast1","cloud.googleapis.com/location":"asia-southeast1","cloud.googleapis.com/region":"asia-southeast1"},"metadata":{"@type":"type.googleapis.com/google.firestore.admin.v1.LocationMetadata"},"locationId":"asia-southeast1","displayName":"Singapore"},{"name":"projects/jeanettics-f3244/locations/asia-southeast2","labels":{"appengine.googleapis.com/region":"asia-southeast2","cloud.googleapis.com/location":"asia-southeast2","cloud.googleapis.com/region":"asia-southeast2"},"metadata":{"@type":"type.googleapis.com/google.firestore.admin.v1.LocationMetadata"},"locationId":"asia-southeast2","displayName":"Jakarta"},{"name":"projects/jeanettics-f3244/locations/australia-southeast1","labels":{"appengine.googleapis.com/region":"australia-southeast1","cloud.googleapis.com/location":"australia-southeast1","cloud.googleapis.com/region":"australia-southeast1"},"metadata":{"@type":"type.googleapis.com/google.firestore.admin.v1.LocationMetadata"},"locationId":"australia-southeast1","displayName":"Sydney"},{"name":"projects/jeanettics-f3244/locations/australia-southeast2","labels":{"cloud.googleapis.com/location":"australia-southeast2","cloud.googleapis.com/region":"australia-southeast2"},"metadata":{"@type":"type.googleapis.com/google.firestore.admin.v1.LocationMetadata"},"locationId":"australia-southeast2","displayName":"Melbourne"},{"name":"projects/jeanettics-f3244/locations/europe-central2","labels":{"appengine.googleapis.com/region":"europe-central2","cloud.googleapis.com/location":"europe-central2","cloud.googleapis.com/region":"europe-central2"},"metadata":{"@type":"type.googleapis.com/google.firestore.admin.v1.LocationMetadata"},"locationId":"europe-central2","displayName":"Warsaw"},{"name":"projects/jeanettics-f3244/locations/europe-north1","labels":{"cloud.googleapis.com/location":"europe-north1","cloud.googleapis.com/region":"europe-north1"},"metadata":{"@type":"type.googleapis.com/google.firestore.admin.v1.LocationMetadata"},"locationId":"europe-north1","displayName":"Finland"},{"name":"projects/jeanettics-f3244/locations/europe-north2","labels":{"cloud.googleapis.com/location":"europe-north2","cloud.googleapis.com/region":"europe-north2"},"metadata":{"@type":"type.googleapis.com/google.firestore.admin.v1.LocationMetadata"},"locationId":"europe-north2","displayName":"Stockholm"},{"name":"projects/jeanettics-f3244/locations/europe-southwest1","labels":{"cloud.googleapis.com/location":"europe-southwest1","cloud.googleapis.com/region":"europe-southwest1"},"metadata":{"@type":"type.googleapis.com/google.firestore.admin.v1.LocationMetadata"},"locationId":"europe-southwest1","displayName":"Madrid"},{"name":"projects/jeanettics-f3244/locations/europe-west1","labels":{"cloud.googleapis.com/location":"europe-west1","cloud.googleapis.com/region":"europe-west1"},"metadata":{"@type":"type.googleapis.com/google.firestore.admin.v1.LocationMetadata"},"locationId":"europe-west1","displayName":"Belgium"},{"name":"projects/jeanettics-f3244/locations/europe-west10","labels":{"cloud.googleapis.com/location":"europe-west10","cloud.googleapis.com/region":"europe-west10"},"metadata":{"@type":"type.googleapis.com/google.firestore.admin.v1.LocationMetadata"},"locationId":"europe-west10","displayName":"Berlin"},{"name":"projects/jeanettics-f3244/locations/europe-west12","labels":{"cloud.googleapis.com/location":"europe-west12","cloud.googleapis.com/region":"europe-west12"},"metadata":{"@type":"type.googleapis.com/google.firestore.admin.v1.LocationMetadata"},"locationId":"europe-west12","displayName":"Turin"},{"name":"projects/jeanettics-f3244/locations/europe-west2","labels":{"appengine.googleapis.com/region":"europe-west2","cloud.googleapis.com/location":"europe-west2","cloud.googleapis.com/region":"europe-west2"},"metadata":{"@type":"type.googleapis.com/google.firestore.admin.v1.LocationMetadata"},"locationId":"europe-west2","displayName":"London"},{"name":"projects/jeanettics-f3244/locations/europe-west3","labels":{"appengine.googleapis.com/region":"europe-west3","cloud.googleapis.com/location":"europe-west3","cloud.googleapis.com/region":"europe-west3"},"metadata":{"@type":"type.googleapis.com/google.firestore.admin.v1.LocationMetadata"},"locationId":"europe-west3","displayName":"Frankfurt"},{"name":"projects/jeanettics-f3244/locations/europe-west4","labels":{"cloud.googleapis.com/location":"europe-west4","cloud.googleapis.com/region":"europe-west4"},"metadata":{"@type":"type.googleapis.com/google.firestore.admin.v1.LocationMetadata"},"locationId":"europe-west4","displayName":"Netherlands"},{"name":"projects/jeanettics-f3244/locations/europe-west6","labels":{"appengine.googleapis.com/region":"europe-west6","cloud.googleapis.com/location":"europe-west6","cloud.googleapis.com/region":"europe-west6"},"metadata":{"@type":"type.googleapis.com/google.firestore.admin.v1.LocationMetadata"},"locationId":"europe-west6","displayName":"Zurich"},{"name":"projects/jeanettics-f3244/locations/europe-west8","labels":{"cloud.googleapis.com/location":"europe-west8","cloud.googleapis.com/region":"europe-west8"},"metadata":{"@type":"type.googleapis.com/google.firestore.admin.v1.LocationMetadata"},"locationId":"europe-west8","displayName":"Milan"},{"name":"projects/jeanettics-f3244/locations/europe-west9","labels":{"cloud.googleapis.com/location":"europe-west9","cloud.googleapis.com/region":"europe-west9"},"metadata":{"@type":"type.googleapis.com/google.firestore.admin.v1.LocationMetadata"},"locationId":"europe-west9","displayName":"Paris"},{"name":"projects/jeanettics-f3244/locations/me-central1","labels":{"cloud.googleapis.com/location":"me-central1","cloud.googleapis.com/region":"me-central1"},"metadata":{"@type":"type.googleapis.com/google.firestore.admin.v1.LocationMetadata"},"locationId":"me-central1","displayName":"Doha"},{"name":"projects/jeanettics-f3244/locations/me-central2","labels":{"cloud.googleapis.com/location":"me-central2","cloud.googleapis.com/region":"me-central2"},"metadata":{"@type":"type.googleapis.com/google.firestore.admin.v1.LocationMetadata"},"locationId":"me-central2","displayName":"Dammam"},{"name":"projects/jeanettics-f3244/locations/me-west1","labels":{"cloud.googleapis.com/location":"me-west1","cloud.googleapis.com/region":"me-west1"},"metadata":{"@type":"type.googleapis.com/google.firestore.admin.v1.LocationMetadata"},"locationId":"me-west1","displayName":"Tel Aviv"},{"name":"projects/jeanettics-f3244/locations/northamerica-northeast1","labels":{"appengine.googleapis.com/region":"northamerica-northeast1","cloud.googleapis.com/location":"northamerica-northeast1","cloud.googleapis.com/region":"northamerica-northeast1"},"metadata":{"@type":"type.googleapis.com/google.firestore.admin.v1.LocationMetadata"},"locationId":"northamerica-northeast1","displayName":"Montréal"},{"name":"projects/jeanettics-f3244/locations/northamerica-northeast2","labels":{"cloud.googleapis.com/location":"northamerica-northeast2","cloud.googleapis.com/region":"northamerica-northeast2"},"metadata":{"@type":"type.googleapis.com/google.firestore.admin.v1.LocationMetadata"},"locationId":"northamerica-northeast2","displayName":"Toronto"},{"name":"projects/jeanettics-f3244/locations/northamerica-south1","labels":{"cloud.googleapis.com/location":"northamerica-south1","cloud.googleapis.com/region":"northamerica-south1"},"metadata":{"@type":"type.googleapis.com/google.firestore.admin.v1.LocationMetadata"},"locationId":"northamerica-south1","displayName":"Mexico"},{"name":"projects/jeanettics-f3244/locations/southamerica-east1","labels":{"appengine.googleapis.com/region":"southamerica-east1","cloud.googleapis.com/location":"southamerica-east1","cloud.googleapis.com/region":"southamerica-east1"},"metadata":{"@type":"type.googleapis.com/google.firestore.admin.v1.LocationMetadata"},"locationId":"southamerica-east1","displayName":"São Paulo"},{"name":"projects/jeanettics-f3244/locations/southamerica-west1","labels":{"cloud.googleapis.com/location":"southamerica-west1","cloud.googleapis.com/region":"southamerica-west1"},"metadata":{"@type":"type.googleapis.com/google.firestore.admin.v1.LocationMetadata"},"locationId":"southamerica-west1","displayName":"Santiago"},{"name":"projects/jeanettics-f3244/locations/us-central1","labels":{"cloud.googleapis.com/location":"us-central1","cloud.googleapis.com/region":"us-central1"},"metadata":{"@type":"type.googleapis.com/google.firestore.admin.v1.LocationMetadata"},"locationId":"us-central1","displayName":"Iowa"},{"name":"projects/jeanettics-f3244/locations/us-east1","labels":{"appengine.googleapis.com/region":"us-east1","cloud.googleapis.com/location":"us-east1","cloud.googleapis.com/region":"us-east1"},"metadata":{"@type":"type.googleapis.com/google.firestore.admin.v1.LocationMetadata"},"locationId":"us-east1","displayName":"South Carolina"},{"name":"projects/jeanettics-f3244/locations/us-east4","labels":{"appengine.googleapis.com/region":"us-east4","cloud.googleapis.com/location":"us-east4","cloud.googleapis.com/region":"us-east4"},"metadata":{"@type":"type.googleapis.com/google.firestore.admin.v1.LocationMetadata"},"locationId":"us-east4","displayName":"Northern Virginia"},{"name":"projects/jeanettics-f3244/locations/us-east5","labels":{"cloud.googleapis.com/location":"us-east5","cloud.googleapis.com/region":"us-east5"},"metadata":{"@type":"type.googleapis.com/google.firestore.admin.v1.LocationMetadata"},"locationId":"us-east5","displayName":"Columbus"},{"name":"projects/jeanettics-f3244/locations/us-south1","labels":{"cloud.googleapis.com/location":"us-south1","cloud.googleapis.com/region":"us-south1"},"metadata":{"@type":"type.googleapis.com/google.firestore.admin.v1.LocationMetadata"},"locationId":"us-south1","displayName":"Dallas"},{"name":"projects/jeanettics-f3244/locations/us-west1","labels":{"appengine.googleapis.com/region":"us-west1","cloud.googleapis.com/location":"us-west1","cloud.googleapis.com/region":"us-west1"},"metadata":{"@type":"type.googleapis.com/google.firestore.admin.v1.LocationMetadata"},"locationId":"us-west1","displayName":"Oregon"},{"name":"projects/jeanettics-f3244/locations/us-west2","labels":{"appengine.googleapis.com/region":"us-west2","cloud.googleapis.com/location":"us-west2","cloud.googleapis.com/region":"us-west2"},"metadata":{"@type":"type.googleapis.com/google.firestore.admin.v1.LocationMetadata"},"locationId":"us-west2","displayName":"Los Angeles"},{"name":"projects/jeanettics-f3244/locations/us-west3","labels":{"appengine.googleapis.com/region":"us-west3","cloud.googleapis.com/location":"us-west3","cloud.googleapis.com/region":"us-west3"},"metadata":{"@type":"type.googleapis.com/google.firestore.admin.v1.LocationMetadata"},"locationId":"us-west3","displayName":"Salt Lake City"},{"name":"projects/jeanettics-f3244/locations/us-west4","labels":{"appengine.googleapis.com/region":"us-west4","cloud.googleapis.com/location":"us-west4","cloud.googleapis.com/region":"us-west4"},"metadata":{"@type":"type.googleapis.com/google.firestore.admin.v1.LocationMetadata"},"locationId":"us-west4","displayName":"Las Vegas"},{"name":"projects/jeanettics-f3244/locations/us-west8","labels":{"cloud.googleapis.com/location":"us-west8","cloud.googleapis.com/region":"us-west8"},"metadata":{"@type":"type.googleapis.com/google.firestore.admin.v1.LocationMetadata"},"locationId":"us-west8","displayName":"Phoenix"}]}
[info] 
[info] Firestore Security Rules allow you to define how and when to allow
[info] requests. You can keep these rules in your project directory
[info] and publish them with firebase deploy.
[info] 
[debug] [2025-07-09T08:21:00.054Z] Checked if tokens are valid: true, expires at: 1752052795662
[debug] [2025-07-09T08:21:00.054Z] Checked if tokens are valid: true, expires at: 1752052795662
[debug] [2025-07-09T08:21:00.054Z] >>> [apiv2][query] GET https://firebaserules.googleapis.com/v1/projects/jeanettics-f3244/releases pageSize=10&pageToken=
[debug] [2025-07-09T08:21:00.755Z] <<< [apiv2][status] GET https://firebaserules.googleapis.com/v1/projects/jeanettics-f3244/releases 200
[debug] [2025-07-09T08:21:00.756Z] <<< [apiv2][body] GET https://firebaserules.googleapis.com/v1/projects/jeanettics-f3244/releases {}
[info] i  firestore.rules is unchanged 
[info] 
[info] Firestore indexes allow you to perform complex queries while
[info] maintaining performance that scales with the size of the result
[info] set. You can keep index definitions in your project directory
[info] and publish them with firebase deploy.
[info] 
[debug] [2025-07-09T08:21:01.377Z] Checked if tokens are valid: true, expires at: 1752052795662
[debug] [2025-07-09T08:21:01.377Z] Checked if tokens are valid: true, expires at: 1752052795662
[debug] [2025-07-09T08:21:01.377Z] Checked if tokens are valid: true, expires at: 1752052795662
[debug] [2025-07-09T08:21:01.377Z] Checked if tokens are valid: true, expires at: 1752052795662
[debug] [2025-07-09T08:21:01.378Z] >>> [apiv2][query] GET https://firestore.googleapis.com/v1/projects/jeanettics-f3244/databases/(default)/collectionGroups/-/indexes [none]
[debug] [2025-07-09T08:21:01.381Z] >>> [apiv2][query] GET https://firestore.googleapis.com/v1/projects/jeanettics-f3244/databases/(default)/collectionGroups/-/fields?filter=indexConfig.usesAncestorConfig=false OR ttlConfig:* [none]
[debug] [2025-07-09T08:21:01.936Z] <<< [apiv2][status] GET https://firestore.googleapis.com/v1/projects/jeanettics-f3244/databases/(default)/collectionGroups/-/fields?filter=indexConfig.usesAncestorConfig=false OR ttlConfig:* 404
[debug] [2025-07-09T08:21:01.937Z] <<< [apiv2][body] GET https://firestore.googleapis.com/v1/projects/jeanettics-f3244/databases/(default)/collectionGroups/-/fields?filter=indexConfig.usesAncestorConfig=false OR ttlConfig:* {"error":{"code":404,"message":"Project 'jeanettics-f3244' or database '(default)' does not exist.","status":"NOT_FOUND"}}
[info] i  firestore.indexes.json is unchanged 
[info] +  Wrote firestore.indexes.json 
[info] 
=== Functions Setup
[debug] [2025-07-09T08:21:01.945Z] > command requires scopes: ["email","openid","https://www.googleapis.com/auth/cloudplatformprojects.readonly","https://www.googleapis.com/auth/firebase","https://www.googleapis.com/auth/cloud-platform"]
[debug] [2025-07-09T08:21:01.946Z] > authorizing via signed-in user (wearejeanettics@gmail.com)
[debug] [2025-07-09T08:21:01.946Z] [iam] checking project jeanettics-f3244 for permissions ["firebase.projects.get"]
[debug] [2025-07-09T08:21:01.947Z] Checked if tokens are valid: true, expires at: 1752052795662
[debug] [2025-07-09T08:21:01.947Z] Checked if tokens are valid: true, expires at: 1752052795662
[debug] [2025-07-09T08:21:01.948Z] >>> [apiv2][query] POST https://cloudresourcemanager.googleapis.com/v1/projects/jeanettics-f3244:testIamPermissions [none]
[debug] [2025-07-09T08:21:01.951Z] >>> [apiv2][(partial)header] POST https://cloudresourcemanager.googleapis.com/v1/projects/jeanettics-f3244:testIamPermissions x-goog-quota-user=projects/jeanettics-f3244
[debug] [2025-07-09T08:21:01.951Z] >>> [apiv2][body] POST https://cloudresourcemanager.googleapis.com/v1/projects/jeanettics-f3244:testIamPermissions {"permissions":["firebase.projects.get"]}
[debug] [2025-07-09T08:21:01.958Z] <<< [apiv2][status] GET https://firestore.googleapis.com/v1/projects/jeanettics-f3244/databases/(default)/collectionGroups/-/indexes 404
[debug] [2025-07-09T08:21:01.959Z] <<< [apiv2][body] GET https://firestore.googleapis.com/v1/projects/jeanettics-f3244/databases/(default)/collectionGroups/-/indexes {"error":{"code":404,"message":"Project 'jeanettics-f3244' or database '(default)' does not exist.","status":"NOT_FOUND"}}
[debug] [2025-07-09T08:21:03.417Z] <<< [apiv2][status] POST https://cloudresourcemanager.googleapis.com/v1/projects/jeanettics-f3244:testIamPermissions 200
[debug] [2025-07-09T08:21:03.417Z] <<< [apiv2][body] POST https://cloudresourcemanager.googleapis.com/v1/projects/jeanettics-f3244:testIamPermissions {"permissions":["firebase.projects.get"]}
[info] Let's create a new codebase for your functions.
[info] A directory corresponding to the codebase will be created in your project
[info] with sample code pre-configured.

[info] See https://firebase.google.com/docs/functions/organize-functions for
[info] more information on organizing your functions using codebases.

[info] Functions can be deployed with firebase deploy.

[info] i  functions/package.json is unchanged 
[info] i  functions/.eslintrc.js is unchanged 
[info] i  Skipping write of functions/index.js 
[info] i  functions/.gitignore is unchanged 
[info] 
=== Hosting Setup
[debug] [2025-07-09T08:21:35.763Z] Checked if tokens are valid: true, expires at: 1752052795662
[debug] [2025-07-09T08:21:35.763Z] Checked if tokens are valid: true, expires at: 1752052795662
[debug] [2025-07-09T08:21:35.764Z] >>> [apiv2][query] GET https://firebase.googleapis.com/v1beta1/projects/jeanettics-f3244 [none]
[debug] [2025-07-09T08:21:36.265Z] <<< [apiv2][status] GET https://firebase.googleapis.com/v1beta1/projects/jeanettics-f3244 200
[debug] [2025-07-09T08:21:36.265Z] <<< [apiv2][body] GET https://firebase.googleapis.com/v1beta1/projects/jeanettics-f3244 {"projectId":"jeanettics-f3244","projectNumber":"115023872179","displayName":"Jeanettics","name":"projects/jeanettics-f3244","resources":{"hostingSite":"jeanettics-f3244"},"state":"ACTIVE","etag":"1_719d15b7-f228-4a59-aca5-d437eeb474af"}
[info] 
[info] Your public directory is the folder (relative to your project directory) that
[info] will contain Hosting assets to be uploaded with firebase deploy. If you
[info] have a build process for your assets, use your build's output directory.
[info] 
[debug] [2025-07-09T08:22:36.101Z] ----------------------------------------------------------------------
[debug] [2025-07-09T08:22:36.105Z] Command:       C:\Program Files\nodejs\node.exe C:\Users\user\AppData\Roaming\npm\node_modules\firebase-tools\lib\bin\firebase.js init
[debug] [2025-07-09T08:22:36.106Z] CLI Version:   14.9.0
[debug] [2025-07-09T08:22:36.106Z] Platform:      win32
[debug] [2025-07-09T08:22:36.106Z] Node Version:  v22.17.0
[debug] [2025-07-09T08:22:36.106Z] Time:          Wed Jul 09 2025 11:22:36 GMT+0300 (East Africa Time)
[debug] [2025-07-09T08:22:36.106Z] ----------------------------------------------------------------------
[debug] 
[debug] [2025-07-09T08:22:36.116Z] > command requires scopes: ["email","openid","https://www.googleapis.com/auth/cloudplatformprojects.readonly","https://www.googleapis.com/auth/firebase","https://www.googleapis.com/auth/cloud-platform"]
[debug] [2025-07-09T08:22:36.117Z] > authorizing via signed-in user (wearejeanettics@gmail.com)
[info] 
     ######## #### ########  ######## ########     ###     ######  ########
     ##        ##  ##     ## ##       ##     ##  ##   ##  ##       ##
     ######    ##  ########  ######   ########  #########  ######  ######
     ##        ##  ##    ##  ##       ##     ## ##     ##       ## ##
     ##       #### ##     ## ######## ########  ##     ##  ######  ########

You're about to initialize a Firebase project in this directory:

  C:\Users\user\Desktop\Jetics

[info] 
=== Project Setup
[info] 
[info] First, let's associate this project directory with a Firebase project.
[info] You can create multiple project aliases by running firebase use --add, 
[info] but for now we'll just set up a default project.
[info] 
[debug] [2025-07-09T08:22:59.253Z] Checked if tokens are valid: true, expires at: 1752052795662
[debug] [2025-07-09T08:22:59.253Z] Checked if tokens are valid: true, expires at: 1752052795662
[debug] [2025-07-09T08:22:59.256Z] >>> [apiv2][query] GET https://firebase.googleapis.com/v1beta1/projects pageSize=100
[debug] [2025-07-09T08:22:59.999Z] <<< [apiv2][status] GET https://firebase.googleapis.com/v1beta1/projects 200
[debug] [2025-07-09T08:22:59.999Z] <<< [apiv2][body] GET https://firebase.googleapis.com/v1beta1/projects [omitted]
[info] i  Using project jeanettics-f3244 (Jeanettics) 
[info] 
=== Dataconnect Setup
[debug] [2025-07-09T08:23:01.583Z] Checked if tokens are valid: true, expires at: 1752052795662
[debug] [2025-07-09T08:23:01.583Z] Checked if tokens are valid: true, expires at: 1752052795662
[debug] [2025-07-09T08:23:01.583Z] >>> [apiv2][query] GET https://cloudbilling.googleapis.com/v1/projects/jeanettics-f3244/billingInfo [none]
[debug] [2025-07-09T08:23:02.076Z] <<< [apiv2][status] GET https://cloudbilling.googleapis.com/v1/projects/jeanettics-f3244/billingInfo 200
[debug] [2025-07-09T08:23:02.076Z] <<< [apiv2][body] GET https://cloudbilling.googleapis.com/v1/projects/jeanettics-f3244/billingInfo {"name":"projects/jeanettics-f3244/billingInfo","projectId":"jeanettics-f3244","billingAccountName":"","billingEnabled":false}
[info] i  dataconnect: ensuring required API sqladmin.googleapis.com is enabled... 
[debug] [2025-07-09T08:23:02.078Z] Checked if tokens are valid: true, expires at: 1752052795662
[debug] [2025-07-09T08:23:02.078Z] Checked if tokens are valid: true, expires at: 1752052795662
[debug] [2025-07-09T08:23:02.078Z] >>> [apiv2][query] GET https://firebasedataconnect.googleapis.com/v1/projects/jeanettics-f3244/locations/-/services [none]
[debug] [2025-07-09T08:23:04.068Z] <<< [apiv2][status] GET https://firebasedataconnect.googleapis.com/v1/projects/jeanettics-f3244/locations/-/services 200
[debug] [2025-07-09T08:23:04.068Z] <<< [apiv2][body] GET https://firebasedataconnect.googleapis.com/v1/projects/jeanettics-f3244/locations/-/services {}
[info] i  dataconnect\dataconnect.yaml is unchanged 
[info] i  dataconnect\schema\schema.gql is unchanged 
[info] +  Wrote dataconnect\connector\connector.yaml 
[info] i  dataconnect\connector\queries.gql is unchanged 
[info] i  dataconnect\connector\mutations.gql is unchanged 
[info] +  Detected WEB app in directory C:\Users\user\Desktop\Jetics 
[info] i  Writing your new SDK configuration to C:\Users\user\Desktop\Jetics\dataconnect\connector/connector.yaml 
[info] +  Wrote dataconnect\connector\connector.yaml 
[debug] [2025-07-09T08:23:12.540Z] defaultcredentials: writing to file C:\Users\user\AppData\Roaming\firebase\wearejeanettics_gmail_com_application_default_credentials.json
[info] I0709 11:23:12.697635    1112 codegen.go:82] [connector "default" javascriptSdk] Generating sources into "C:\\Users\\user\\Desktop\\Jetics\\dataconnect-generated\\js\\default-connector"
I0709 11:23:12.708636    1112 generate.go:40] Generated all sources. Writing them to disk...
I0709 11:23:12.718577    1112 collector.go:107] connector "default" javascriptSdk wrote into "C:\\Users\\user\\Desktop\\Jetics\\dataconnect-generated\\js\\default-connector"
Generated sources: index.cjs.js [144B] package.json [634B] README.md [2773B] index.d.ts [246B] esm\index.esm.js [109B] esm\package.json [17B] 
I0709 11:23:12.720675    1112 installsdk.go:35] Unable to find package.json. Skipping automatic installation of @firebasegen/default-connector

[info] i  Generated SDK code for default 
[info] +  If you'd like to add more generated SDKs to your app your later, run firebase init dataconnect:sdk again 
[info] i  If you'd like to provision a CloudSQL Postgres instance on the Firebase Data Connect no-cost trial:
1. Please upgrade to the pay-as-you-go (Blaze) billing plan. Visit the following page:
     https://console.firebase.google.com/project/jeanettics-f3244/usage/details
2. Run firebase init dataconnect again to configure the Cloud SQL instance.
3. Run firebase deploy --only dataconnect to deploy your Data Connect service. 
[info] 
=== Firestore Setup
[info] i  firestore: ensuring required API firestore.googleapis.com is enabled... 
[debug] [2025-07-09T08:23:12.740Z] Checked if tokens are valid: true, expires at: 1752052795662
[debug] [2025-07-09T08:23:12.741Z] Checked if tokens are valid: true, expires at: 1752052795662
[debug] [2025-07-09T08:23:12.741Z] >>> [apiv2][query] GET https://firestore.googleapis.com/v1/projects/jeanettics-f3244/databases [none]
[debug] [2025-07-09T08:23:13.943Z] <<< [apiv2][status] GET https://firestore.googleapis.com/v1/projects/jeanettics-f3244/databases 200
[debug] [2025-07-09T08:23:13.943Z] <<< [apiv2][body] GET https://firestore.googleapis.com/v1/projects/jeanettics-f3244/databases {}
[debug] [2025-07-09T08:23:13.943Z] Checked if tokens are valid: true, expires at: 1752052795662
[debug] [2025-07-09T08:23:13.943Z] Checked if tokens are valid: true, expires at: 1752052795662
[debug] [2025-07-09T08:23:13.944Z] >>> [apiv2][query] GET https://firestore.googleapis.com/v1/projects/jeanettics-f3244/locations [none]
[debug] [2025-07-09T08:23:14.273Z] <<< [apiv2][status] GET https://firestore.googleapis.com/v1/projects/jeanettics-f3244/locations 200
[debug] [2025-07-09T08:23:14.273Z] <<< [apiv2][body] GET https://firestore.googleapis.com/v1/projects/jeanettics-f3244/locations {"locations":[{"name":"projects/jeanettics-f3244/locations/eur3","labels":{"appengine.googleapis.com/geo":"europe-west","cloud.googleapis.com/location":"eur3","cloud.googleapis.com/geo":"eur3"},"metadata":{"@type":"type.googleapis.com/google.firestore.admin.v1.LocationMetadata"},"locationId":"eur3","displayName":"Europe"},{"name":"projects/jeanettics-f3244/locations/nam5","labels":{"appengine.googleapis.com/geo":"us-central","cloud.googleapis.com/location":"nam5","cloud.googleapis.com/geo":"nam5"},"metadata":{"@type":"type.googleapis.com/google.firestore.admin.v1.LocationMetadata"},"locationId":"nam5","displayName":"United States"},{"name":"projects/jeanettics-f3244/locations/nam7","labels":{"cloud.googleapis.com/location":"nam7","cloud.googleapis.com/geo":"nam7"},"metadata":{"@type":"type.googleapis.com/google.firestore.admin.v1.LocationMetadata"},"locationId":"nam7","displayName":"United States"},{"name":"projects/jeanettics-f3244/locations/africa-south1","labels":{"cloud.googleapis.com/location":"africa-south1","cloud.googleapis.com/region":"africa-south1"},"metadata":{"@type":"type.googleapis.com/google.firestore.admin.v1.LocationMetadata"},"locationId":"africa-south1","displayName":"Johannesburg"},{"name":"projects/jeanettics-f3244/locations/asia-east1","labels":{"appengine.googleapis.com/region":"asia-east1","cloud.googleapis.com/location":"asia-east1","cloud.googleapis.com/region":"asia-east1"},"metadata":{"@type":"type.googleapis.com/google.firestore.admin.v1.LocationMetadata"},"locationId":"asia-east1","displayName":"Taiwan"},{"name":"projects/jeanettics-f3244/locations/asia-east2","labels":{"appengine.googleapis.com/region":"asia-east2","cloud.googleapis.com/location":"asia-east2","cloud.googleapis.com/region":"asia-east2"},"metadata":{"@type":"type.googleapis.com/google.firestore.admin.v1.LocationMetadata"},"locationId":"asia-east2","displayName":"Hong Kong"},{"name":"projects/jeanettics-f3244/locations/asia-northeast1","labels":{"appengine.googleapis.com/region":"asia-northeast1","cloud.googleapis.com/location":"asia-northeast1","cloud.googleapis.com/region":"asia-northeast1"},"metadata":{"@type":"type.googleapis.com/google.firestore.admin.v1.LocationMetadata"},"locationId":"asia-northeast1","displayName":"Tokyo"},{"name":"projects/jeanettics-f3244/locations/asia-northeast2","labels":{"appengine.googleapis.com/region":"asia-northeast2","cloud.googleapis.com/location":"asia-northeast2","cloud.googleapis.com/region":"asia-northeast2"},"metadata":{"@type":"type.googleapis.com/google.firestore.admin.v1.LocationMetadata"},"locationId":"asia-northeast2","displayName":"Osaka"},{"name":"projects/jeanettics-f3244/locations/asia-northeast3","labels":{"appengine.googleapis.com/region":"asia-northeast3","cloud.googleapis.com/location":"asia-northeast3","cloud.googleapis.com/region":"asia-northeast3"},"metadata":{"@type":"type.googleapis.com/google.firestore.admin.v1.LocationMetadata"},"locationId":"asia-northeast3","displayName":"Seoul"},{"name":"projects/jeanettics-f3244/locations/asia-south1","labels":{"appengine.googleapis.com/region":"asia-south1","cloud.googleapis.com/location":"asia-south1","cloud.googleapis.com/region":"asia-south1"},"metadata":{"@type":"type.googleapis.com/google.firestore.admin.v1.LocationMetadata"},"locationId":"asia-south1","displayName":"Mumbai"},{"name":"projects/jeanettics-f3244/locations/asia-south2","labels":{"cloud.googleapis.com/location":"asia-south2","cloud.googleapis.com/region":"asia-south2"},"metadata":{"@type":"type.googleapis.com/google.firestore.admin.v1.LocationMetadata"},"locationId":"asia-south2","displayName":"Delhi"},{"name":"projects/jeanettics-f3244/locations/asia-southeast1","labels":{"appengine.googleapis.com/region":"asia-southeast1","cloud.googleapis.com/location":"asia-southeast1","cloud.googleapis.com/region":"asia-southeast1"},"metadata":{"@type":"type.googleapis.com/google.firestore.admin.v1.LocationMetadata"},"locationId":"asia-southeast1","displayName":"Singapore"},{"name":"projects/jeanettics-f3244/locations/asia-southeast2","labels":{"appengine.googleapis.com/region":"asia-southeast2","cloud.googleapis.com/location":"asia-southeast2","cloud.googleapis.com/region":"asia-southeast2"},"metadata":{"@type":"type.googleapis.com/google.firestore.admin.v1.LocationMetadata"},"locationId":"asia-southeast2","displayName":"Jakarta"},{"name":"projects/jeanettics-f3244/locations/australia-southeast1","labels":{"appengine.googleapis.com/region":"australia-southeast1","cloud.googleapis.com/location":"australia-southeast1","cloud.googleapis.com/region":"australia-southeast1"},"metadata":{"@type":"type.googleapis.com/google.firestore.admin.v1.LocationMetadata"},"locationId":"australia-southeast1","displayName":"Sydney"},{"name":"projects/jeanettics-f3244/locations/australia-southeast2","labels":{"cloud.googleapis.com/location":"australia-southeast2","cloud.googleapis.com/region":"australia-southeast2"},"metadata":{"@type":"type.googleapis.com/google.firestore.admin.v1.LocationMetadata"},"locationId":"australia-southeast2","displayName":"Melbourne"},{"name":"projects/jeanettics-f3244/locations/europe-central2","labels":{"appengine.googleapis.com/region":"europe-central2","cloud.googleapis.com/location":"europe-central2","cloud.googleapis.com/region":"europe-central2"},"metadata":{"@type":"type.googleapis.com/google.firestore.admin.v1.LocationMetadata"},"locationId":"europe-central2","displayName":"Warsaw"},{"name":"projects/jeanettics-f3244/locations/europe-north1","labels":{"cloud.googleapis.com/location":"europe-north1","cloud.googleapis.com/region":"europe-north1"},"metadata":{"@type":"type.googleapis.com/google.firestore.admin.v1.LocationMetadata"},"locationId":"europe-north1","displayName":"Finland"},{"name":"projects/jeanettics-f3244/locations/europe-north2","labels":{"cloud.googleapis.com/location":"europe-north2","cloud.googleapis.com/region":"europe-north2"},"metadata":{"@type":"type.googleapis.com/google.firestore.admin.v1.LocationMetadata"},"locationId":"europe-north2","displayName":"Stockholm"},{"name":"projects/jeanettics-f3244/locations/europe-southwest1","labels":{"cloud.googleapis.com/location":"europe-southwest1","cloud.googleapis.com/region":"europe-southwest1"},"metadata":{"@type":"type.googleapis.com/google.firestore.admin.v1.LocationMetadata"},"locationId":"europe-southwest1","displayName":"Madrid"},{"name":"projects/jeanettics-f3244/locations/europe-west1","labels":{"cloud.googleapis.com/location":"europe-west1","cloud.googleapis.com/region":"europe-west1"},"metadata":{"@type":"type.googleapis.com/google.firestore.admin.v1.LocationMetadata"},"locationId":"europe-west1","displayName":"Belgium"},{"name":"projects/jeanettics-f3244/locations/europe-west10","labels":{"cloud.googleapis.com/location":"europe-west10","cloud.googleapis.com/region":"europe-west10"},"metadata":{"@type":"type.googleapis.com/google.firestore.admin.v1.LocationMetadata"},"locationId":"europe-west10","displayName":"Berlin"},{"name":"projects/jeanettics-f3244/locations/europe-west12","labels":{"cloud.googleapis.com/location":"europe-west12","cloud.googleapis.com/region":"europe-west12"},"metadata":{"@type":"type.googleapis.com/google.firestore.admin.v1.LocationMetadata"},"locationId":"europe-west12","displayName":"Turin"},{"name":"projects/jeanettics-f3244/locations/europe-west2","labels":{"appengine.googleapis.com/region":"europe-west2","cloud.googleapis.com/location":"europe-west2","cloud.googleapis.com/region":"europe-west2"},"metadata":{"@type":"type.googleapis.com/google.firestore.admin.v1.LocationMetadata"},"locationId":"europe-west2","displayName":"London"},{"name":"projects/jeanettics-f3244/locations/europe-west3","labels":{"appengine.googleapis.com/region":"europe-west3","cloud.googleapis.com/location":"europe-west3","cloud.googleapis.com/region":"europe-west3"},"metadata":{"@type":"type.googleapis.com/google.firestore.admin.v1.LocationMetadata"},"locationId":"europe-west3","displayName":"Frankfurt"},{"name":"projects/jeanettics-f3244/locations/europe-west4","labels":{"cloud.googleapis.com/location":"europe-west4","cloud.googleapis.com/region":"europe-west4"},"metadata":{"@type":"type.googleapis.com/google.firestore.admin.v1.LocationMetadata"},"locationId":"europe-west4","displayName":"Netherlands"},{"name":"projects/jeanettics-f3244/locations/europe-west6","labels":{"appengine.googleapis.com/region":"europe-west6","cloud.googleapis.com/location":"europe-west6","cloud.googleapis.com/region":"europe-west6"},"metadata":{"@type":"type.googleapis.com/google.firestore.admin.v1.LocationMetadata"},"locationId":"europe-west6","displayName":"Zurich"},{"name":"projects/jeanettics-f3244/locations/europe-west8","labels":{"cloud.googleapis.com/location":"europe-west8","cloud.googleapis.com/region":"europe-west8"},"metadata":{"@type":"type.googleapis.com/google.firestore.admin.v1.LocationMetadata"},"locationId":"europe-west8","displayName":"Milan"},{"name":"projects/jeanettics-f3244/locations/europe-west9","labels":{"cloud.googleapis.com/location":"europe-west9","cloud.googleapis.com/region":"europe-west9"},"metadata":{"@type":"type.googleapis.com/google.firestore.admin.v1.LocationMetadata"},"locationId":"europe-west9","displayName":"Paris"},{"name":"projects/jeanettics-f3244/locations/me-central1","labels":{"cloud.googleapis.com/location":"me-central1","cloud.googleapis.com/region":"me-central1"},"metadata":{"@type":"type.googleapis.com/google.firestore.admin.v1.LocationMetadata"},"locationId":"me-central1","displayName":"Doha"},{"name":"projects/jeanettics-f3244/locations/me-central2","labels":{"cloud.googleapis.com/location":"me-central2","cloud.googleapis.com/region":"me-central2"},"metadata":{"@type":"type.googleapis.com/google.firestore.admin.v1.LocationMetadata"},"locationId":"me-central2","displayName":"Dammam"},{"name":"projects/jeanettics-f3244/locations/me-west1","labels":{"cloud.googleapis.com/location":"me-west1","cloud.googleapis.com/region":"me-west1"},"metadata":{"@type":"type.googleapis.com/google.firestore.admin.v1.LocationMetadata"},"locationId":"me-west1","displayName":"Tel Aviv"},{"name":"projects/jeanettics-f3244/locations/northamerica-northeast1","labels":{"appengine.googleapis.com/region":"northamerica-northeast1","cloud.googleapis.com/location":"northamerica-northeast1","cloud.googleapis.com/region":"northamerica-northeast1"},"metadata":{"@type":"type.googleapis.com/google.firestore.admin.v1.LocationMetadata"},"locationId":"northamerica-northeast1","displayName":"Montréal"},{"name":"projects/jeanettics-f3244/locations/northamerica-northeast2","labels":{"cloud.googleapis.com/location":"northamerica-northeast2","cloud.googleapis.com/region":"northamerica-northeast2"},"metadata":{"@type":"type.googleapis.com/google.firestore.admin.v1.LocationMetadata"},"locationId":"northamerica-northeast2","displayName":"Toronto"},{"name":"projects/jeanettics-f3244/locations/northamerica-south1","labels":{"cloud.googleapis.com/location":"northamerica-south1","cloud.googleapis.com/region":"northamerica-south1"},"metadata":{"@type":"type.googleapis.com/google.firestore.admin.v1.LocationMetadata"},"locationId":"northamerica-south1","displayName":"Mexico"},{"name":"projects/jeanettics-f3244/locations/southamerica-east1","labels":{"appengine.googleapis.com/region":"southamerica-east1","cloud.googleapis.com/location":"southamerica-east1","cloud.googleapis.com/region":"southamerica-east1"},"metadata":{"@type":"type.googleapis.com/google.firestore.admin.v1.LocationMetadata"},"locationId":"southamerica-east1","displayName":"São Paulo"},{"name":"projects/jeanettics-f3244/locations/southamerica-west1","labels":{"cloud.googleapis.com/location":"southamerica-west1","cloud.googleapis.com/region":"southamerica-west1"},"metadata":{"@type":"type.googleapis.com/google.firestore.admin.v1.LocationMetadata"},"locationId":"southamerica-west1","displayName":"Santiago"},{"name":"projects/jeanettics-f3244/locations/us-central1","labels":{"cloud.googleapis.com/location":"us-central1","cloud.googleapis.com/region":"us-central1"},"metadata":{"@type":"type.googleapis.com/google.firestore.admin.v1.LocationMetadata"},"locationId":"us-central1","displayName":"Iowa"},{"name":"projects/jeanettics-f3244/locations/us-east1","labels":{"appengine.googleapis.com/region":"us-east1","cloud.googleapis.com/location":"us-east1","cloud.googleapis.com/region":"us-east1"},"metadata":{"@type":"type.googleapis.com/google.firestore.admin.v1.LocationMetadata"},"locationId":"us-east1","displayName":"South Carolina"},{"name":"projects/jeanettics-f3244/locations/us-east4","labels":{"appengine.googleapis.com/region":"us-east4","cloud.googleapis.com/location":"us-east4","cloud.googleapis.com/region":"us-east4"},"metadata":{"@type":"type.googleapis.com/google.firestore.admin.v1.LocationMetadata"},"locationId":"us-east4","displayName":"Northern Virginia"},{"name":"projects/jeanettics-f3244/locations/us-east5","labels":{"cloud.googleapis.com/location":"us-east5","cloud.googleapis.com/region":"us-east5"},"metadata":{"@type":"type.googleapis.com/google.firestore.admin.v1.LocationMetadata"},"locationId":"us-east5","displayName":"Columbus"},{"name":"projects/jeanettics-f3244/locations/us-south1","labels":{"cloud.googleapis.com/location":"us-south1","cloud.googleapis.com/region":"us-south1"},"metadata":{"@type":"type.googleapis.com/google.firestore.admin.v1.LocationMetadata"},"locationId":"us-south1","displayName":"Dallas"},{"name":"projects/jeanettics-f3244/locations/us-west1","labels":{"appengine.googleapis.com/region":"us-west1","cloud.googleapis.com/location":"us-west1","cloud.googleapis.com/region":"us-west1"},"metadata":{"@type":"type.googleapis.com/google.firestore.admin.v1.LocationMetadata"},"locationId":"us-west1","displayName":"Oregon"},{"name":"projects/jeanettics-f3244/locations/us-west2","labels":{"appengine.googleapis.com/region":"us-west2","cloud.googleapis.com/location":"us-west2","cloud.googleapis.com/region":"us-west2"},"metadata":{"@type":"type.googleapis.com/google.firestore.admin.v1.LocationMetadata"},"locationId":"us-west2","displayName":"Los Angeles"},{"name":"projects/jeanettics-f3244/locations/us-west3","labels":{"appengine.googleapis.com/region":"us-west3","cloud.googleapis.com/location":"us-west3","cloud.googleapis.com/region":"us-west3"},"metadata":{"@type":"type.googleapis.com/google.firestore.admin.v1.LocationMetadata"},"locationId":"us-west3","displayName":"Salt Lake City"},{"name":"projects/jeanettics-f3244/locations/us-west4","labels":{"appengine.googleapis.com/region":"us-west4","cloud.googleapis.com/location":"us-west4","cloud.googleapis.com/region":"us-west4"},"metadata":{"@type":"type.googleapis.com/google.firestore.admin.v1.LocationMetadata"},"locationId":"us-west4","displayName":"Las Vegas"},{"name":"projects/jeanettics-f3244/locations/us-west8","labels":{"cloud.googleapis.com/location":"us-west8","cloud.googleapis.com/region":"us-west8"},"metadata":{"@type":"type.googleapis.com/google.firestore.admin.v1.LocationMetadata"},"locationId":"us-west8","displayName":"Phoenix"}]}
[info] 
[info] Firestore Security Rules allow you to define how and when to allow
[info] requests. You can keep these rules in your project directory
[info] and publish them with firebase deploy.
[info] 
[debug] [2025-07-09T08:23:22.022Z] Checked if tokens are valid: true, expires at: 1752052795662
[debug] [2025-07-09T08:23:22.022Z] Checked if tokens are valid: true, expires at: 1752052795662
[debug] [2025-07-09T08:23:22.023Z] >>> [apiv2][query] GET https://firebaserules.googleapis.com/v1/projects/jeanettics-f3244/releases pageSize=10&pageToken=
[debug] [2025-07-09T08:23:22.575Z] <<< [apiv2][status] GET https://firebaserules.googleapis.com/v1/projects/jeanettics-f3244/releases 200
[debug] [2025-07-09T08:23:22.575Z] <<< [apiv2][body] GET https://firebaserules.googleapis.com/v1/projects/jeanettics-f3244/releases {}
[info] i  firestore.rules is unchanged 
[info] 
[info] Firestore indexes allow you to perform complex queries while
[info] maintaining performance that scales with the size of the result
[info] set. You can keep index definitions in your project directory
[info] and publish them with firebase deploy.
[info] 
[debug] [2025-07-09T08:23:23.210Z] Checked if tokens are valid: true, expires at: 1752052795662
[debug] [2025-07-09T08:23:23.210Z] Checked if tokens are valid: true, expires at: 1752052795662
[debug] [2025-07-09T08:23:23.210Z] Checked if tokens are valid: true, expires at: 1752052795662
[debug] [2025-07-09T08:23:23.211Z] Checked if tokens are valid: true, expires at: 1752052795662
[debug] [2025-07-09T08:23:23.211Z] >>> [apiv2][query] GET https://firestore.googleapis.com/v1/projects/jeanettics-f3244/databases/(default)/collectionGroups/-/indexes [none]
[debug] [2025-07-09T08:23:23.215Z] >>> [apiv2][query] GET https://firestore.googleapis.com/v1/projects/jeanettics-f3244/databases/(default)/collectionGroups/-/fields?filter=indexConfig.usesAncestorConfig=false OR ttlConfig:* [none]
[debug] [2025-07-09T08:23:23.779Z] <<< [apiv2][status] GET https://firestore.googleapis.com/v1/projects/jeanettics-f3244/databases/(default)/collectionGroups/-/indexes 404
[debug] [2025-07-09T08:23:23.779Z] <<< [apiv2][body] GET https://firestore.googleapis.com/v1/projects/jeanettics-f3244/databases/(default)/collectionGroups/-/indexes {"error":{"code":404,"message":"Project 'jeanettics-f3244' or database '(default)' does not exist.","status":"NOT_FOUND"}}
[info] i  firestore.indexes.json is unchanged 
[info] +  Wrote firestore.indexes.json 
[info] 
=== Functions Setup
[debug] [2025-07-09T08:23:23.782Z] > command requires scopes: ["email","openid","https://www.googleapis.com/auth/cloudplatformprojects.readonly","https://www.googleapis.com/auth/firebase","https://www.googleapis.com/auth/cloud-platform"]
[debug] [2025-07-09T08:23:23.783Z] > authorizing via signed-in user (wearejeanettics@gmail.com)
[debug] [2025-07-09T08:23:23.783Z] [iam] checking project jeanettics-f3244 for permissions ["firebase.projects.get"]
[debug] [2025-07-09T08:23:23.784Z] Checked if tokens are valid: true, expires at: 1752052795662
[debug] [2025-07-09T08:23:23.784Z] Checked if tokens are valid: true, expires at: 1752052795662
[debug] [2025-07-09T08:23:23.785Z] >>> [apiv2][query] POST https://cloudresourcemanager.googleapis.com/v1/projects/jeanettics-f3244:testIamPermissions [none]
[debug] [2025-07-09T08:23:23.785Z] >>> [apiv2][(partial)header] POST https://cloudresourcemanager.googleapis.com/v1/projects/jeanettics-f3244:testIamPermissions x-goog-quota-user=projects/jeanettics-f3244
[debug] [2025-07-09T08:23:23.785Z] >>> [apiv2][body] POST https://cloudresourcemanager.googleapis.com/v1/projects/jeanettics-f3244:testIamPermissions {"permissions":["firebase.projects.get"]}
[debug] [2025-07-09T08:23:23.790Z] <<< [apiv2][status] GET https://firestore.googleapis.com/v1/projects/jeanettics-f3244/databases/(default)/collectionGroups/-/fields?filter=indexConfig.usesAncestorConfig=false OR ttlConfig:* 404
[debug] [2025-07-09T08:23:23.790Z] <<< [apiv2][body] GET https://firestore.googleapis.com/v1/projects/jeanettics-f3244/databases/(default)/collectionGroups/-/fields?filter=indexConfig.usesAncestorConfig=false OR ttlConfig:* {"error":{"code":404,"message":"Project 'jeanettics-f3244' or database '(default)' does not exist.","status":"NOT_FOUND"}}
[debug] [2025-07-09T08:23:24.236Z] <<< [apiv2][status] POST https://cloudresourcemanager.googleapis.com/v1/projects/jeanettics-f3244:testIamPermissions 200
[debug] [2025-07-09T08:23:24.237Z] <<< [apiv2][body] POST https://cloudresourcemanager.googleapis.com/v1/projects/jeanettics-f3244:testIamPermissions {"permissions":["firebase.projects.get"]}
[info] Let's create a new codebase for your functions.
[info] A directory corresponding to the codebase will be created in your project
[info] with sample code pre-configured.

[info] See https://firebase.google.com/docs/functions/organize-functions for
[info] more information on organizing your functions using codebases.

[info] Functions can be deployed with firebase deploy.

[info] i  functions/package.json is unchanged 
[info] i  functions/.eslintrc.js is unchanged 
[info] i  Skipping write of functions/index.js 
[info] i  functions/.gitignore is unchanged 
[info] 
=== Hosting Setup
[debug] [2025-07-09T08:23:40.087Z] Checked if tokens are valid: true, expires at: 1752052795662
[debug] [2025-07-09T08:23:40.087Z] Checked if tokens are valid: true, expires at: 1752052795662
[debug] [2025-07-09T08:23:40.088Z] >>> [apiv2][query] GET https://firebase.googleapis.com/v1beta1/projects/jeanettics-f3244 [none]
[debug] [2025-07-09T08:23:40.599Z] <<< [apiv2][status] GET https://firebase.googleapis.com/v1beta1/projects/jeanettics-f3244 200
[debug] [2025-07-09T08:23:40.599Z] <<< [apiv2][body] GET https://firebase.googleapis.com/v1beta1/projects/jeanettics-f3244 {"projectId":"jeanettics-f3244","projectNumber":"115023872179","displayName":"Jeanettics","name":"projects/jeanettics-f3244","resources":{"hostingSite":"jeanettics-f3244"},"state":"ACTIVE","etag":"1_719d15b7-f228-4a59-aca5-d437eeb474af"}
[info] 
[info] Your public directory is the folder (relative to your project directory) that
[info] will contain Hosting assets to be uploaded with firebase deploy. If you
[info] have a build process for your assets, use your build's output directory.
[info] 
[info] +  Wrote ./404.html 
[debug] [2025-07-09T08:24:12.391Z] >>> [apiv2][query] GET https://www.gstatic.com/firebasejs/releases.json [none]
[debug] [2025-07-09T08:24:12.601Z] <<< [apiv2][status] GET https://www.gstatic.com/firebasejs/releases.json 200
[debug] [2025-07-09T08:24:12.601Z] <<< [apiv2][body] GET https://www.gstatic.com/firebasejs/releases.json {"current":{"version":"11.10.0","browserURL":"https://www.gstatic.com/firebasejs/11.10.0/firebase.js","packageURL":"https://www.gstatic.com/firebasejs/11.10.0/firebase.tgz"},"live":{"version":"11.10","browserURL":"https://www.gstatic.com/firebasejs/live/11.10/firebase.js","packageURL":"https://www.gstatic.com/firebasejs/live/11.10/firebase.tgz"},"components":{"ai":"https://www.gstatic.com/firebasejs/11.10.0/firebase-ai.js","analytics":"https://www.gstatic.com/firebasejs/11.10.0/firebase-analytics.js","app":"https://www.gstatic.com/firebasejs/11.10.0/firebase-app.js","app-check":"https://www.gstatic.com/firebasejs/11.10.0/firebase-app-check.js","auth":"https://www.gstatic.com/firebasejs/11.10.0/firebase-auth.js","auth/cordova":"https://www.gstatic.com/firebasejs/11.10.0/firebase-auth/cordova.js","auth/web-extension":"https://www.gstatic.com/firebasejs/11.10.0/firebase-auth/web-extension.js","functions":"https://www.gstatic.com/firebasejs/11.10.0/firebase-functions.js","firestore":"https://www.gstatic.com/firebasejs/11.10.0/firebase-firestore.js","firestore/lite":"https://www.gstatic.com/firebasejs/11.10.0/firebase-firestore/lite.js","installations":"https://www.gstatic.com/firebasejs/11.10.0/firebase-installations.js","storage":"https://www.gstatic.com/firebasejs/11.10.0/firebase-storage.js","performance":"https://www.gstatic.com/firebasejs/11.10.0/firebase-performance.js","remote-config":"https://www.gstatic.com/firebasejs/11.10.0/firebase-remote-config.js","messaging":"https://www.gstatic.com/firebasejs/11.10.0/firebase-messaging.js","messaging/sw":"https://www.gstatic.com/firebasejs/11.10.0/firebase-messaging/sw.js","database":"https://www.gstatic.com/firebasejs/11.10.0/firebase-database.js","vertexai":"https://www.gstatic.com/firebasejs/11.10.0/firebase-vertexai.js","data-connect":"https://www.gstatic.com/firebasejs/11.10.0/firebase-data-connect.js","firestore.memory":"https://www.gstatic.com/firebasejs/11.10.0/firebase-firestore.memory.js"}}
[info] i  Skipping write of ./index.html 
[info] 
[info] i  Detected a .git folder at C:\Users\user\Desktop\Jetics 
[info] i  Authorizing with GitHub to upload your service account to a GitHub repository's secrets store. 
[info] 
[info] Visit this URL on this device to log in:
[info] https://github.com/login/oauth/authorize?client_id=89cf50f02ac6aaed3484&state=412721797&redirect_uri=http%3A%2F%2Flocalhost%3A9005&scope=read%3Auser%20repo%20public_repo
[info] 
[info] Waiting for authentication...
[debug] [2025-07-09T08:25:05.212Z] >>> [apiv2][query] POST https://github.com/login/oauth/access_token [none]
[debug] [2025-07-09T08:25:05.213Z] >>> [apiv2][body] POST https://github.com/login/oauth/access_token [stream]
[debug] [2025-07-09T08:25:06.476Z] <<< [apiv2][status] POST https://github.com/login/oauth/access_token 200
[debug] [2025-07-09T08:25:06.476Z] <<< [apiv2][body] POST https://github.com/login/oauth/access_token {"access_token":"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","token_type":"bearer","scope":"read:user,repo"}
[debug] [2025-07-09T08:25:06.489Z] >>> [apiv2][query] GET https://api.github.com/user [none]
[debug] [2025-07-09T08:25:07.716Z] <<< [apiv2][status] GET https://api.github.com/user 200
[debug] [2025-07-09T08:25:07.716Z] <<< [apiv2][body] GET https://api.github.com/user {"login":"Ndongazz","id":111170793,"node_id":"U_kgDOBqBU6Q","avatar_url":"https://avatars.githubusercontent.com/u/111170793?v=4","gravatar_id":"","url":"https://api.github.com/users/Ndongazz","html_url":"https://github.com/Ndongazz","followers_url":"https://api.github.com/users/Ndongazz/followers","following_url":"https://api.github.com/users/Ndongazz/following{/other_user}","gists_url":"https://api.github.com/users/Ndongazz/gists{/gist_id}","starred_url":"https://api.github.com/users/Ndongazz/starred{/owner}{/repo}","subscriptions_url":"https://api.github.com/users/Ndongazz/subscriptions","organizations_url":"https://api.github.com/users/Ndongazz/orgs","repos_url":"https://api.github.com/users/Ndongazz/repos","events_url":"https://api.github.com/users/Ndongazz/events{/privacy}","received_events_url":"https://api.github.com/users/Ndongazz/received_events","type":"User","user_view_type":"private","site_admin":false,"name":null,"company":null,"blog":"","location":null,"email":null,"hireable":null,"bio":null,"twitter_username":null,"notification_email":null,"public_repos":21,"public_gists":0,"followers":0,"following":0,"created_at":"2022-08-13T06:29:08Z","updated_at":"2025-07-07T13:02:18Z","private_gists":0,"total_private_repos":0,"owned_private_repos":0,"disk_usage":878,"collaborators":0,"two_factor_authentication":false,"plan":{"name":"free","space":976562499,"collaborators":0,"private_repos":10000}}
[info] 
[info] +  Success! Logged into GitHub as Ndongazz 
[info] 
